Arguments: 
  /usr/bin/node /usr/share/yarn/bin/yarn.js

PATH: 
  /usr/local/sbin:/usr/local/bin:/usr/sbin:/usr/bin:/sbin:/bin:/usr/games:/usr/local/games:/mnt/c/Windows/system32:/mnt/c/Windows:/mnt/c/Windows/System32/Wbem:/mnt/c/Windows/System32/WindowsPowerShell/v1.0/:/mnt/c/Windows/System32/OpenSSH/:/mnt/c/Program Files/Microsoft VS Code/bin:/mnt/c/Users/yy/AppData/Local/Microsoft/WindowsApps:/snap/bin

Yarn version: 
  1.22.17

Node version: 
  14.19.0

Platform: 
  linux x64

Trace: 
  Error: connect ECONNREFUSED 104.16.18.35:443
      at TCPConnectWrap.afterConnect [as oncomplete] (net.js:1159:16)

npm manifest: 
  {
    "devDependencies": {
      "@nomiclabs/hardhat-ethers": "^2.0.0",
      "@nomiclabs/hardhat-etherscan": "^2.1.3",
      "@nomiclabs/hardhat-waffle": "^2.0.0",
      "chai": "^4.2.0",
      "dotenv": "^10.0.0",
      "eslint": "^7.29.0",
      "eslint-config-prettier": "^8.3.0",
      "eslint-config-standard": "^16.0.3",
      "eslint-plugin-import": "^2.23.4",
      "eslint-plugin-node": "^11.1.0",
      "eslint-plugin-prettier": "^3.4.0",
      "eslint-plugin-promise": "^5.1.0",
      "ethereum-waffle": "^3.0.0",
      "ethers": "^5.0.0",
      "hardhat": "^2.8.2",
      "hardhat-gas-reporter": "^1.0.4",
      "prettier": "^2.3.2",
      "prettier-plugin-solidity": "^1.0.0-beta.13",
      "solhint": "^3.3.6",
      "solidity-coverage": "^0.7.16"
    },
    "dependencies": {
      "@openzeppelin/contracts": "^4.4.1"
    }
  }

yarn manifest: 
  No manifest

Lockfile: 
  No lockfile
